2013-05-03 14:06:35,380 ERROR [Thread-263] - System.err - Unable to read properties from file com/google/gwt/eclipse/oophm/Activator.properties. The com.google.gwt.eclipse.oophm.Activator plugin may not run correctly.
2013-05-04 14:37:41,408 ERROR [Worker-7] - System.err - May 04, 2013 2:37:41 PM com.google.apphosting.utils.config.AppEngineWebXmlReader readAppEngineWebXml
INFO: Successfully processed /Users/emilbechmadsen/Documents/Kandidat/Pervasive Computing/AEBM-ITU-PSCT-2013/MA3/Java/ActivityTracker/war/WEB-INF/appengine-web.xml
2013-05-04 14:37:41,418 ERROR [Worker-7] - System.err - May 04, 2013 2:37:41 PM com.google.apphosting.utils.config.AbstractConfigXmlReader readConfigXml
INFO: Successfully processed /Users/emilbechmadsen/Documents/Kandidat/Pervasive Computing/AEBM-ITU-PSCT-2013/MA3/Java/ActivityTracker/war/WEB-INF/web.xml
2013-05-04 14:38:42,484 ERROR [Worker-7] - System.err - May 04, 2013 2:38:42 PM com.google.apphosting.utils.config.AppEngineWebXmlReader readAppEngineWebXml
INFO: Successfully processed /Users/emilbechmadsen/Documents/Kandidat/Pervasive Computing/AEBM-ITU-PSCT-2013/MA3/Java/ActivityTracker/war/WEB-INF/appengine-web.xml
2013-05-04 14:38:42,493 ERROR [Worker-7] - System.err - May 04, 2013 2:38:42 PM com.google.apphosting.utils.config.AbstractConfigXmlReader readConfigXml
INFO: Successfully processed /Users/emilbechmadsen/Documents/Kandidat/Pervasive Computing/AEBM-ITU-PSCT-2013/MA3/Java/ActivityTracker/war/WEB-INF/web.xml
2013-05-04 14:40:53,151 ERROR [Worker-2] - System.err - May 04, 2013 2:40:53 PM com.google.apphosting.utils.config.AppEngineWebXmlReader readAppEngineWebXml
INFO: Successfully processed /Users/emilbechmadsen/Documents/Kandidat/Pervasive Computing/AEBM-ITU-PSCT-2013/MA3/Java/ActivityTracker/war/WEB-INF/appengine-web.xml
2013-05-04 14:40:53,158 ERROR [Worker-2] - System.err - May 04, 2013 2:40:53 PM com.google.apphosting.utils.config.AbstractConfigXmlReader readConfigXml
INFO: Successfully processed /Users/emilbechmadsen/Documents/Kandidat/Pervasive Computing/AEBM-ITU-PSCT-2013/MA3/Java/ActivityTracker/war/WEB-INF/web.xml
2013-05-04 14:43:54,176 ERROR [Worker-11] - System.err - May 04, 2013 2:43:54 PM com.google.apphosting.utils.config.AppEngineWebXmlReader readAppEngineWebXml
INFO: Successfully processed /Users/emilbechmadsen/Documents/Kandidat/Pervasive Computing/AEBM-ITU-PSCT-2013/MA3/Java/ActivityTracker/war/WEB-INF/appengine-web.xml
2013-05-04 14:43:54,180 ERROR [Worker-11] - System.err - May 04, 2013 2:43:54 PM com.google.apphosting.utils.config.AbstractConfigXmlReader readConfigXml
INFO: Successfully processed /Users/emilbechmadsen/Documents/Kandidat/Pervasive Computing/AEBM-ITU-PSCT-2013/MA3/Java/ActivityTracker/war/WEB-INF/web.xml
2013-05-04 14:47:20,910 ERROR [Worker-11] - System.err - May 04, 2013 2:47:20 PM com.google.apphosting.utils.config.AppEngineWebXmlReader readAppEngineWebXml
INFO: Successfully processed /Users/emilbechmadsen/Documents/Kandidat/Pervasive Computing/AEBM-ITU-PSCT-2013/MA3/Java/ActivityTracker/war/WEB-INF/appengine-web.xml
2013-05-04 14:47:20,916 ERROR [Worker-11] - System.err - May 04, 2013 2:47:20 PM com.google.apphosting.utils.config.AbstractConfigXmlReader readConfigXml
INFO: Successfully processed /Users/emilbechmadsen/Documents/Kandidat/Pervasive Computing/AEBM-ITU-PSCT-2013/MA3/Java/ActivityTracker/war/WEB-INF/web.xml
2013-05-04 14:47:40,154 ERROR [Worker-17] - System.err - May 04, 2013 2:47:40 PM com.google.apphosting.utils.config.AppEngineWebXmlReader readAppEngineWebXml
INFO: Successfully processed /Users/emilbechmadsen/Documents/Kandidat/Pervasive Computing/AEBM-ITU-PSCT-2013/MA3/Java/ActivityTracker/war/WEB-INF/appengine-web.xml
2013-05-04 14:47:40,159 ERROR [Worker-17] - System.err - May 04, 2013 2:47:40 PM com.google.apphosting.utils.config.AbstractConfigXmlReader readConfigXml
INFO: Successfully processed /Users/emilbechmadsen/Documents/Kandidat/Pervasive Computing/AEBM-ITU-PSCT-2013/MA3/Java/ActivityTracker/war/WEB-INF/web.xml
2013-05-04 14:48:53,142 ERROR [Worker-0] - System.err - May 04, 2013 2:48:53 PM com.google.apphosting.utils.config.AppEngineWebXmlReader readAppEngineWebXml
INFO: Successfully processed /Users/emilbechmadsen/Documents/Kandidat/Pervasive Computing/AEBM-ITU-PSCT-2013/MA3/Java/ActivityTracker/war/WEB-INF/appengine-web.xml
2013-05-04 14:48:53,151 ERROR [Worker-0] - System.err - May 04, 2013 2:48:53 PM com.google.apphosting.utils.config.AbstractConfigXmlReader readConfigXml
INFO: Successfully processed /Users/emilbechmadsen/Documents/Kandidat/Pervasive Computing/AEBM-ITU-PSCT-2013/MA3/Java/ActivityTracker/war/WEB-INF/web.xml
2013-05-04 14:50:31,054 ERROR [Worker-2] - System.err - May 04, 2013 2:50:31 PM com.google.apphosting.utils.config.AppEngineWebXmlReader readAppEngineWebXml
INFO: Successfully processed /Users/emilbechmadsen/Documents/Kandidat/Pervasive Computing/AEBM-ITU-PSCT-2013/MA3/Java/ActivityTracker/war/WEB-INF/appengine-web.xml
2013-05-04 14:50:31,059 ERROR [Worker-2] - System.err - May 04, 2013 2:50:31 PM com.google.apphosting.utils.config.AbstractConfigXmlReader readConfigXml
INFO: Successfully processed /Users/emilbechmadsen/Documents/Kandidat/Pervasive Computing/AEBM-ITU-PSCT-2013/MA3/Java/ActivityTracker/war/WEB-INF/web.xml
2013-05-10 13:05:27,533 ERROR [Worker-1] - System.err - May 10, 2013 1:05:27 PM com.google.apphosting.utils.config.AppEngineWebXmlReader readAppEngineWebXml
INFO: Successfully processed /Users/emilbechmadsen/Documents/Kandidat/Pervasive Computing/AEBM-ITU-PSCT-2013/MA3/Java/ActivityTracker/war/WEB-INF/appengine-web.xml
2013-05-10 13:05:27,542 ERROR [Worker-1] - System.err - May 10, 2013 1:05:27 PM com.google.apphosting.utils.config.AbstractConfigXmlReader readConfigXml
INFO: Successfully processed /Users/emilbechmadsen/Documents/Kandidat/Pervasive Computing/AEBM-ITU-PSCT-2013/MA3/Java/ActivityTracker/war/WEB-INF/web.xml
2013-05-10 13:05:27,552 ERROR [Worker-1] - System.err - May 10, 2013 1:05:27 PM com.google.apphosting.utils.config.IndexesXmlReader readConfigXml
INFO: Successfully processed /Users/emilbechmadsen/Documents/Kandidat/Pervasive Computing/AEBM-ITU-PSCT-2013/MA3/Java/ActivityTracker/war/WEB-INF/appengine-generated/datastore-indexes-auto.xml
2013-05-10 13:41:30,135 ERROR [Worker-46] - System.err - May 10, 2013 1:41:30 PM com.google.apphosting.utils.config.AppEngineWebXmlReader readAppEngineWebXml
INFO: Successfully processed /Users/emilbechmadsen/Documents/Kandidat/Pervasive Computing/AEBM-ITU-PSCT-2013/MA3/Java/ActivityTracker/war/WEB-INF/appengine-web.xml
2013-05-10 13:41:30,137 ERROR [Worker-46] - System.err - May 10, 2013 1:41:30 PM com.google.apphosting.utils.config.AbstractConfigXmlReader readConfigXml
INFO: Successfully processed /Users/emilbechmadsen/Documents/Kandidat/Pervasive Computing/AEBM-ITU-PSCT-2013/MA3/Java/ActivityTracker/war/WEB-INF/web.xml
2013-05-10 13:41:30,139 ERROR [Worker-46] - System.err - May 10, 2013 1:41:30 PM com.google.apphosting.utils.config.IndexesXmlReader readConfigXml
INFO: Successfully processed /Users/emilbechmadsen/Documents/Kandidat/Pervasive Computing/AEBM-ITU-PSCT-2013/MA3/Java/ActivityTracker/war/WEB-INF/appengine-generated/datastore-indexes-auto.xml
2013-05-10 14:01:23,144 ERROR [Worker-60] - System.err - May 10, 2013 2:01:23 PM com.google.apphosting.utils.config.AppEngineWebXmlReader readAppEngineWebXml
INFO: Successfully processed /Users/emilbechmadsen/Documents/Kandidat/Pervasive Computing/AEBM-ITU-PSCT-2013/MA3/Java/ActivityTracker/war/WEB-INF/appengine-web.xml
2013-05-10 14:01:23,147 ERROR [Worker-60] - System.err - May 10, 2013 2:01:23 PM com.google.apphosting.utils.config.AbstractConfigXmlReader readConfigXml
INFO: Successfully processed /Users/emilbechmadsen/Documents/Kandidat/Pervasive Computing/AEBM-ITU-PSCT-2013/MA3/Java/ActivityTracker/war/WEB-INF/web.xml
2013-05-10 14:01:23,148 ERROR [Worker-60] - System.err - May 10, 2013 2:01:23 PM com.google.apphosting.utils.config.IndexesXmlReader readConfigXml
INFO: Successfully processed /Users/emilbechmadsen/Documents/Kandidat/Pervasive Computing/AEBM-ITU-PSCT-2013/MA3/Java/ActivityTracker/war/WEB-INF/appengine-generated/datastore-indexes-auto.xml
2013-05-13 13:17:23,502 ERROR [Worker-10] - System.err - May 13, 2013 1:17:23 PM com.google.apphosting.utils.config.AppEngineWebXmlReader readAppEngineWebXml
INFO: Successfully processed /Users/emilbechmadsen/Documents/Kandidat/Pervasive Computing/AEBM-ITU-PSCT-2013/MA3/Java/ActivityTracker/war/WEB-INF/appengine-web.xml
2013-05-13 13:17:23,511 ERROR [Worker-10] - System.err - May 13, 2013 1:17:23 PM com.google.apphosting.utils.config.AbstractConfigXmlReader readConfigXml
INFO: Successfully processed /Users/emilbechmadsen/Documents/Kandidat/Pervasive Computing/AEBM-ITU-PSCT-2013/MA3/Java/ActivityTracker/war/WEB-INF/web.xml
2013-05-13 13:17:23,521 ERROR [Worker-10] - System.err - May 13, 2013 1:17:23 PM com.google.apphosting.utils.config.IndexesXmlReader readConfigXml
INFO: Successfully processed /Users/emilbechmadsen/Documents/Kandidat/Pervasive Computing/AEBM-ITU-PSCT-2013/MA3/Java/ActivityTracker/war/WEB-INF/appengine-generated/datastore-indexes-auto.xml
2013-05-14 14:15:24,259 ERROR [Worker-4] - System.err - May 14, 2013 2:15:24 PM com.google.apphosting.utils.config.AppEngineWebXmlReader readAppEngineWebXml
INFO: Successfully processed /Users/emilbechmadsen/Documents/Kandidat/Pervasive Computing/AEBM-ITU-PSCT-2013/MA3/Java/ActivityTracker/war/WEB-INF/appengine-web.xml
2013-05-14 14:15:24,269 ERROR [Worker-4] - System.err - May 14, 2013 2:15:24 PM com.google.apphosting.utils.config.AbstractConfigXmlReader readConfigXml
INFO: Successfully processed /Users/emilbechmadsen/Documents/Kandidat/Pervasive Computing/AEBM-ITU-PSCT-2013/MA3/Java/ActivityTracker/war/WEB-INF/web.xml
2013-05-14 14:15:24,279 ERROR [Worker-4] - System.err - May 14, 2013 2:15:24 PM com.google.apphosting.utils.config.IndexesXmlReader readConfigXml
INFO: Successfully processed /Users/emilbechmadsen/Documents/Kandidat/Pervasive Computing/AEBM-ITU-PSCT-2013/MA3/Java/ActivityTracker/war/WEB-INF/appengine-generated/datastore-indexes-auto.xml
2013-05-14 14:17:08,023 ERROR [Worker-0] - System.err - May 14, 2013 2:17:08 PM com.google.apphosting.utils.config.AppEngineWebXmlReader readAppEngineWebXml
INFO: Successfully processed /Users/emilbechmadsen/Documents/Kandidat/Pervasive Computing/AEBM-ITU-PSCT-2013/MA3/Java/ActivityTracker/war/WEB-INF/appengine-web.xml
2013-05-14 14:17:08,027 ERROR [Worker-0] - System.err - May 14, 2013 2:17:08 PM com.google.apphosting.utils.config.AbstractConfigXmlReader readConfigXml
INFO: Successfully processed /Users/emilbechmadsen/Documents/Kandidat/Pervasive Computing/AEBM-ITU-PSCT-2013/MA3/Java/ActivityTracker/war/WEB-INF/web.xml
2013-05-14 14:17:08,029 ERROR [Worker-0] - System.err - May 14, 2013 2:17:08 PM com.google.apphosting.utils.config.IndexesXmlReader readConfigXml
INFO: Successfully processed /Users/emilbechmadsen/Documents/Kandidat/Pervasive Computing/AEBM-ITU-PSCT-2013/MA3/Java/ActivityTracker/war/WEB-INF/appengine-generated/datastore-indexes-auto.xml
2013-05-14 14:19:00,455 ERROR [Worker-4] - System.err - May 14, 2013 2:19:00 PM com.google.apphosting.utils.config.AppEngineWebXmlReader readAppEngineWebXml
INFO: Successfully processed /Users/emilbechmadsen/Documents/Kandidat/Pervasive Computing/AEBM-ITU-PSCT-2013/MA3/Java/ActivityTracker/war/WEB-INF/appengine-web.xml
2013-05-14 14:19:00,458 ERROR [Worker-4] - System.err - May 14, 2013 2:19:00 PM com.google.apphosting.utils.config.AbstractConfigXmlReader readConfigXml
INFO: Successfully processed /Users/emilbechmadsen/Documents/Kandidat/Pervasive Computing/AEBM-ITU-PSCT-2013/MA3/Java/ActivityTracker/war/WEB-INF/web.xml
2013-05-14 14:19:00,459 ERROR [Worker-4] - System.err - May 14, 2013 2:19:00 PM com.google.apphosting.utils.config.IndexesXmlReader readConfigXml
INFO: Successfully processed /Users/emilbechmadsen/Documents/Kandidat/Pervasive Computing/AEBM-ITU-PSCT-2013/MA3/Java/ActivityTracker/war/WEB-INF/appengine-generated/datastore-indexes-auto.xml
2013-05-14 15:09:15,658 ERROR [Worker-16] - System.err - May 14, 2013 3:09:15 PM com.google.apphosting.utils.config.AppEngineWebXmlReader readAppEngineWebXml
INFO: Successfully processed /Users/emilbechmadsen/Documents/Kandidat/Pervasive Computing/AEBM-ITU-PSCT-2013/MA3/Java/ActivityTracker/war/WEB-INF/appengine-web.xml
2013-05-14 15:09:15,664 ERROR [Worker-16] - System.err - May 14, 2013 3:09:15 PM com.google.apphosting.utils.config.AbstractConfigXmlReader readConfigXml
INFO: Successfully processed /Users/emilbechmadsen/Documents/Kandidat/Pervasive Computing/AEBM-ITU-PSCT-2013/MA3/Java/ActivityTracker/war/WEB-INF/web.xml
2013-05-14 15:09:15,668 ERROR [Worker-16] - System.err - May 14, 2013 3:09:15 PM com.google.apphosting.utils.config.IndexesXmlReader readConfigXml
INFO: Successfully processed /Users/emilbechmadsen/Documents/Kandidat/Pervasive Computing/AEBM-ITU-PSCT-2013/MA3/Java/ActivityTracker/war/WEB-INF/appengine-generated/datastore-indexes-auto.xml
2013-05-14 16:01:43,777 ERROR [Worker-27] - System.err - May 14, 2013 4:01:43 PM com.google.apphosting.utils.config.AppEngineWebXmlReader readAppEngineWebXml
INFO: Successfully processed /Users/emilbechmadsen/Documents/Kandidat/Pervasive Computing/AEBM-ITU-PSCT-2013/MA3/Java/ActivityTracker/war/WEB-INF/appengine-web.xml
2013-05-14 16:01:43,782 ERROR [Worker-27] - System.err - May 14, 2013 4:01:43 PM com.google.apphosting.utils.config.AbstractConfigXmlReader readConfigXml
INFO: Successfully processed /Users/emilbechmadsen/Documents/Kandidat/Pervasive Computing/AEBM-ITU-PSCT-2013/MA3/Java/ActivityTracker/war/WEB-INF/web.xml
2013-05-14 16:01:43,785 ERROR [Worker-27] - System.err - May 14, 2013 4:01:43 PM com.google.apphosting.utils.config.IndexesXmlReader readConfigXml
INFO: Successfully processed /Users/emilbechmadsen/Documents/Kandidat/Pervasive Computing/AEBM-ITU-PSCT-2013/MA3/Java/ActivityTracker/war/WEB-INF/appengine-generated/datastore-indexes-auto.xml
2013-05-15 12:11:58,701 ERROR [Worker-43] - System.err - May 15, 2013 12:11:58 PM com.google.apphosting.utils.config.AppEngineWebXmlReader readAppEngineWebXml
INFO: Successfully processed /Users/emilbechmadsen/Documents/Kandidat/Pervasive Computing/AEBM-ITU-PSCT-2013/MA3/Java/ActivityTracker/war/WEB-INF/appengine-web.xml
2013-05-15 12:11:58,708 ERROR [Worker-43] - System.err - May 15, 2013 12:11:58 PM com.google.apphosting.utils.config.AbstractConfigXmlReader readConfigXml
INFO: Successfully processed /Users/emilbechmadsen/Documents/Kandidat/Pervasive Computing/AEBM-ITU-PSCT-2013/MA3/Java/ActivityTracker/war/WEB-INF/web.xml
2013-05-15 12:11:58,711 ERROR [Worker-43] - System.err - May 15, 2013 12:11:58 PM com.google.apphosting.utils.config.IndexesXmlReader readConfigXml
INFO: Successfully processed /Users/emilbechmadsen/Documents/Kandidat/Pervasive Computing/AEBM-ITU-PSCT-2013/MA3/Java/ActivityTracker/war/WEB-INF/appengine-generated/datastore-indexes-auto.xml
2013-05-15 20:50:39,301 ERROR [Worker-60] - System.err - May 15, 2013 8:50:39 PM com.google.apphosting.utils.config.AppEngineWebXmlReader readAppEngineWebXml
INFO: Successfully processed /Users/emilbechmadsen/Documents/Kandidat/Pervasive Computing/AEBM-ITU-PSCT-2013/MA3/Java/ActivityTracker/war/WEB-INF/appengine-web.xml
2013-05-15 20:50:39,305 ERROR [Worker-60] - System.err - May 15, 2013 8:50:39 PM com.google.apphosting.utils.config.AbstractConfigXmlReader readConfigXml
INFO: Successfully processed /Users/emilbechmadsen/Documents/Kandidat/Pervasive Computing/AEBM-ITU-PSCT-2013/MA3/Java/ActivityTracker/war/WEB-INF/web.xml
2013-05-15 20:50:39,309 ERROR [Worker-60] - System.err - May 15, 2013 8:50:39 PM com.google.apphosting.utils.config.IndexesXmlReader readConfigXml
INFO: Successfully processed /Users/emilbechmadsen/Documents/Kandidat/Pervasive Computing/AEBM-ITU-PSCT-2013/MA3/Java/ActivityTracker/war/WEB-INF/appengine-generated/datastore-indexes-auto.xml
2013-05-15 21:01:40,488 ERROR [Worker-66] - System.err - May 15, 2013 9:01:40 PM com.google.apphosting.utils.config.AppEngineWebXmlReader readAppEngineWebXml
INFO: Successfully processed /Users/emilbechmadsen/Documents/Kandidat/Pervasive Computing/AEBM-ITU-PSCT-2013/MA3/Java/ActivityTracker/war/WEB-INF/appengine-web.xml
2013-05-15 21:01:40,490 ERROR [Worker-66] - System.err - May 15, 2013 9:01:40 PM com.google.apphosting.utils.config.AbstractConfigXmlReader readConfigXml
INFO: Successfully processed /Users/emilbechmadsen/Documents/Kandidat/Pervasive Computing/AEBM-ITU-PSCT-2013/MA3/Java/ActivityTracker/war/WEB-INF/web.xml
2013-05-15 21:05:10,357 ERROR [Worker-73] - System.err - May 15, 2013 9:05:10 PM com.google.apphosting.utils.config.AppEngineWebXmlReader readAppEngineWebXml
INFO: Successfully processed /Users/emilbechmadsen/Documents/Kandidat/Pervasive Computing/AEBM-ITU-PSCT-2013/MA3/Java/ActivityTracker/war/WEB-INF/appengine-web.xml
2013-05-15 21:05:10,360 ERROR [Worker-73] - System.err - May 15, 2013 9:05:10 PM com.google.apphosting.utils.config.AbstractConfigXmlReader readConfigXml
INFO: Successfully processed /Users/emilbechmadsen/Documents/Kandidat/Pervasive Computing/AEBM-ITU-PSCT-2013/MA3/Java/ActivityTracker/war/WEB-INF/web.xml
2013-05-15 21:05:10,369 ERROR [Worker-73] - System.err - May 15, 2013 9:05:10 PM com.google.apphosting.utils.config.IndexesXmlReader readConfigXml
INFO: Successfully processed /Users/emilbechmadsen/Documents/Kandidat/Pervasive Computing/AEBM-ITU-PSCT-2013/MA3/Java/ActivityTracker/war/WEB-INF/datastore-indexes.xml
2013-05-15 21:05:10,371 ERROR [Worker-73] - System.err - May 15, 2013 9:05:10 PM com.google.apphosting.utils.config.IndexesXmlReader readConfigXml
INFO: Successfully processed /Users/emilbechmadsen/Documents/Kandidat/Pervasive Computing/AEBM-ITU-PSCT-2013/MA3/Java/ActivityTracker/war/WEB-INF/appengine-generated/datastore-indexes-auto.xml
2013-05-15 21:11:27,574 ERROR [Worker-82] - System.err - May 15, 2013 9:11:27 PM com.google.apphosting.utils.config.AppEngineWebXmlReader readAppEngineWebXml
INFO: Successfully processed /Users/emilbechmadsen/Documents/Kandidat/Pervasive Computing/AEBM-ITU-PSCT-2013/MA3/Java/ActivityTracker/war/WEB-INF/appengine-web.xml
2013-05-15 21:11:27,577 ERROR [Worker-82] - System.err - May 15, 2013 9:11:27 PM com.google.apphosting.utils.config.AbstractConfigXmlReader readConfigXml
INFO: Successfully processed /Users/emilbechmadsen/Documents/Kandidat/Pervasive Computing/AEBM-ITU-PSCT-2013/MA3/Java/ActivityTracker/war/WEB-INF/web.xml
2013-05-15 21:11:27,582 ERROR [Worker-82] - System.err - May 15, 2013 9:11:27 PM com.google.apphosting.utils.config.IndexesXmlReader readConfigXml
INFO: Successfully processed /Users/emilbechmadsen/Documents/Kandidat/Pervasive Computing/AEBM-ITU-PSCT-2013/MA3/Java/ActivityTracker/war/WEB-INF/datastore-indexes.xml
2013-05-15 21:11:27,583 ERROR [Worker-82] - System.err - May 15, 2013 9:11:27 PM com.google.apphosting.utils.config.IndexesXmlReader readConfigXml
INFO: Successfully processed /Users/emilbechmadsen/Documents/Kandidat/Pervasive Computing/AEBM-ITU-PSCT-2013/MA3/Java/ActivityTracker/war/WEB-INF/appengine-generated/datastore-indexes-auto.xml
2013-05-15 21:12:30,624 ERROR [Worker-82] - System.err - May 15, 2013 9:12:30 PM com.google.apphosting.utils.config.AppEngineWebXmlReader readAppEngineWebXml
INFO: Successfully processed /Users/emilbechmadsen/Documents/Kandidat/Pervasive Computing/AEBM-ITU-PSCT-2013/MA3/Java/ActivityTracker/war/WEB-INF/appengine-web.xml
2013-05-15 21:12:30,627 ERROR [Worker-82] - System.err - May 15, 2013 9:12:30 PM com.google.apphosting.utils.config.AbstractConfigXmlReader readConfigXml
INFO: Successfully processed /Users/emilbechmadsen/Documents/Kandidat/Pervasive Computing/AEBM-ITU-PSCT-2013/MA3/Java/ActivityTracker/war/WEB-INF/web.xml
2013-05-15 21:12:30,632 ERROR [Worker-82] - System.err - May 15, 2013 9:12:30 PM com.google.apphosting.utils.config.IndexesXmlReader readConfigXml
INFO: Successfully processed /Users/emilbechmadsen/Documents/Kandidat/Pervasive Computing/AEBM-ITU-PSCT-2013/MA3/Java/ActivityTracker/war/WEB-INF/datastore-indexes.xml
2013-05-15 21:12:30,633 ERROR [Worker-82] - System.err - May 15, 2013 9:12:30 PM com.google.apphosting.utils.config.IndexesXmlReader readConfigXml
INFO: Successfully processed /Users/emilbechmadsen/Documents/Kandidat/Pervasive Computing/AEBM-ITU-PSCT-2013/MA3/Java/ActivityTracker/war/WEB-INF/appengine-generated/datastore-indexes-auto.xml
2013-05-16 22:21:10,529 ERROR [Worker-4] - System.err - May 16, 2013 10:21:10 PM com.google.apphosting.utils.config.AppEngineWebXmlReader readAppEngineWebXml
INFO: Successfully processed /Users/emilbechmadsen/Documents/Kandidat/Pervasive Computing/AEBM-ITU-PSCT-2013/MA3/Java/ActivityTracker/war/WEB-INF/appengine-web.xml
2013-05-16 22:21:10,540 ERROR [Worker-4] - System.err - May 16, 2013 10:21:10 PM com.google.apphosting.utils.config.AbstractConfigXmlReader readConfigXml
INFO: Successfully processed /Users/emilbechmadsen/Documents/Kandidat/Pervasive Computing/AEBM-ITU-PSCT-2013/MA3/Java/ActivityTracker/war/WEB-INF/web.xml
2013-05-16 22:21:10,559 ERROR [Worker-4] - System.err - May 16, 2013 10:21:10 PM com.google.apphosting.utils.config.IndexesXmlReader readConfigXml
INFO: Successfully processed /Users/emilbechmadsen/Documents/Kandidat/Pervasive Computing/AEBM-ITU-PSCT-2013/MA3/Java/ActivityTracker/war/WEB-INF/datastore-indexes.xml
2013-05-16 22:21:10,562 ERROR [Worker-4] - System.err - May 16, 2013 10:21:10 PM com.google.apphosting.utils.config.IndexesXmlReader readConfigXml
INFO: Successfully processed /Users/emilbechmadsen/Documents/Kandidat/Pervasive Computing/AEBM-ITU-PSCT-2013/MA3/Java/ActivityTracker/war/WEB-INF/appengine-generated/datastore-indexes-auto.xml
